<?xml version="1.0" encoding="UTF-8"?>
<!-- Generated by org.testng.reporters.JUnitXMLReporter -->
<testsuite ignored="0" hostname="DESKTOP-SSKPHS6" failures="0" tests="3" name="Default test" time="39.984" errors="0" timestamp="22 Aug 2022 23:58:52 GMT">
  <testcase classname="com.amazon.qa.testcases.LoginPageTest" name="loginPageTitleTest" time="0.024"/>
  <testcase classname="com.amazon.qa.testcases.LoginPageTest" name="crmLogoImageTest" time="0.642"/>
  <testcase classname="com.amazon.qa.testcases.LoginPageTest" name="loginTest" time="1.204"/>
</testsuite> <!-- Default test -->
