<?xml version="1.0" encoding="UTF-8"?>
<testng-results ignored="0" total="15" passed="14" failed="1" skipped="0">
  <reporter-output>
  </reporter-output>
  <suite started-at="2022-08-23T00:12:44Z" name="Amazon Application Test Automation Test Suite" finished-at="2022-08-23T00:17:38Z" duration-ms="293829">
    <groups>
    </groups>
    <test started-at="2022-08-23T00:12:44Z" name="Amazon app Test Cases" finished-at="2022-08-23T00:17:38Z" duration-ms="293829">
      <class name="com.amazon.qa.testcases.YourAccountPageTest">
        <test-method is-config="true" signature="setUp()[pri:0, instance:com.amazon.qa.testcases.YourAccountPageTest@3098cf3b]" started-at="2022-08-22T20:14:21Z" name="setUp" finished-at="2022-08-22T20:14:34Z" duration-ms="12984" status="PASS">
          <reporter-output>
          </reporter-output>
        </test-method> <!-- setUp -->
        <test-method signature="varifycreateNewContact(java.lang.String, java.lang.String, java.lang.String, java.lang.String, java.lang.String)[pri:2, instance:com.amazon.qa.testcases.YourAccountPageTest@3098cf3b]" started-at="2022-08-22T20:14:34Z" name="varifycreateNewContact" data-provider="getAmazonTestData" finished-at="2022-08-22T20:14:46Z" duration-ms="11999" status="PASS">
          <params>
            <param index="0">
              <value>
                <![CDATA[partbhaihmukesh]]>
              </value>
            </param>
            <param index="1">
              <value>
                <![CDATA[6442611.0]]>
              </value>
            </param>
            <param index="2">
              <value>
                <![CDATA[500 MurrayRoss ParkWay]]>
              </value>
            </param>
            <param index="3">
              <value>
                <![CDATA[Northyork]]>
              </value>
            </param>
            <param index="4">
              <value>
                <![CDATA[M3J2Z3]]>
              </value>
            </param>
          </params>
          <reporter-output>
          </reporter-output>
        </test-method> <!-- varifycreateNewContact -->
        <test-method is-config="true" signature="tearDown()[pri:0, instance:com.amazon.qa.testcases.YourAccountPageTest@3098cf3b]" started-at="2022-08-22T20:14:46Z" name="tearDown" finished-at="2022-08-22T20:14:47Z" duration-ms="1082" status="PASS">
          <reporter-output>
          </reporter-output>
        </test-method> <!-- tearDown -->
        <test-method is-config="true" signature="setUp()[pri:0, instance:com.amazon.qa.testcases.YourAccountPageTest@3098cf3b]" started-at="2022-08-22T20:14:47Z" name="setUp" finished-at="2022-08-22T20:15:01Z" duration-ms="14525" status="PASS">
          <reporter-output>
          </reporter-output>
        </test-method> <!-- setUp -->
        <test-method signature="varifycreateNewContact(java.lang.String, java.lang.String, java.lang.String, java.lang.String, java.lang.String)[pri:2, instance:com.amazon.qa.testcases.YourAccountPageTest@3098cf3b]" started-at="2022-08-22T20:15:01Z" name="varifycreateNewContact" data-provider="getAmazonTestData" finished-at="2022-08-22T20:15:11Z" duration-ms="9651" status="PASS">
          <params>
            <param index="0">
              <value>
                <![CDATA[pinamukeshbhai]]>
              </value>
            </param>
            <param index="1">
              <value>
                <![CDATA[6444646.0]]>
              </value>
            </param>
            <param index="2">
              <value>
                <![CDATA[3710 Keele Street]]>
              </value>
            </param>
            <param index="3">
              <value>
                <![CDATA[Northyork]]>
              </value>
            </param>
            <param index="4">
              <value>
                <![CDATA[M3J2Z3]]>
              </value>
            </param>
          </params>
          <reporter-output>
          </reporter-output>
        </test-method> <!-- varifycreateNewContact -->
        <test-method is-config="true" signature="tearDown()[pri:0, instance:com.amazon.qa.testcases.YourAccountPageTest@3098cf3b]" started-at="2022-08-22T20:15:11Z" name="tearDown" finished-at="2022-08-22T20:15:12Z" duration-ms="788" status="PASS">
          <reporter-output>
          </reporter-output>
        </test-method> <!-- tearDown -->
        <test-method is-config="true" signature="setUp()[pri:0, instance:com.amazon.qa.testcases.YourAccountPageTest@3098cf3b]" started-at="2022-08-22T20:15:12Z" name="setUp" finished-at="2022-08-22T20:15:25Z" duration-ms="13376" status="PASS">
          <reporter-output>
          </reporter-output>
        </test-method> <!-- setUp -->
        <test-method signature="varifycreateNewContact(java.lang.String, java.lang.String, java.lang.String, java.lang.String, java.lang.String)[pri:2, instance:com.amazon.qa.testcases.YourAccountPageTest@3098cf3b]" started-at="2022-08-22T20:15:25Z" name="varifycreateNewContact" data-provider="getAmazonTestData" finished-at="2022-08-22T20:15:34Z" duration-ms="8817" status="PASS">
          <params>
            <param index="0">
              <value>
                <![CDATA[dxxdbx]]>
              </value>
            </param>
            <param index="1">
              <value>
                <![CDATA[4664466.0]]>
              </value>
            </param>
            <param index="2">
              <value>
                <![CDATA[500 MurrayRoss ParkWay]]>
              </value>
            </param>
            <param index="3">
              <value>
                <![CDATA[Northyork]]>
              </value>
            </param>
            <param index="4">
              <value>
                <![CDATA[M3J2Z3]]>
              </value>
            </param>
          </params>
          <reporter-output>
          </reporter-output>
        </test-method> <!-- varifycreateNewContact -->
        <test-method is-config="true" signature="tearDown()[pri:0, instance:com.amazon.qa.testcases.YourAccountPageTest@3098cf3b]" started-at="2022-08-22T20:15:34Z" name="tearDown" finished-at="2022-08-22T20:15:35Z" duration-ms="821" status="PASS">
          <reporter-output>
          </reporter-output>
        </test-method> <!-- tearDown -->
      </class> <!-- com.amazon.qa.testcases.YourAccountPageTest -->
      <class name="com.amazon.qa.testcases.BeautyandPersonalCarePageTest">
        <test-method is-config="true" signature="setUp()[pri:0, instance:com.amazon.qa.testcases.BeautyandPersonalCarePageTest@175b9425]" started-at="2022-08-22T20:13:18Z" name="setUp" finished-at="2022-08-22T20:13:40Z" duration-ms="22152" status="PASS">
          <reporter-output>
          </reporter-output>
        </test-method> <!-- setUp -->
        <test-method signature="VerifyBeautyPageTitleTest()[pri:1, instance:com.amazon.qa.testcases.BeautyandPersonalCarePageTest@175b9425]" started-at="2022-08-22T20:13:40Z" name="VerifyBeautyPageTitleTest" finished-at="2022-08-22T20:13:43Z" duration-ms="3027" status="PASS">
          <reporter-output>
          </reporter-output>
        </test-method> <!-- VerifyBeautyPageTitleTest -->
        <test-method is-config="true" signature="tearDown()[pri:0, instance:com.amazon.qa.testcases.BeautyandPersonalCarePageTest@175b9425]" started-at="2022-08-22T20:13:43Z" name="tearDown" finished-at="2022-08-22T20:13:44Z" duration-ms="1228" status="PASS">
          <reporter-output>
          </reporter-output>
        </test-method> <!-- tearDown -->
        <test-method is-config="true" signature="setUp()[pri:0, instance:com.amazon.qa.testcases.BeautyandPersonalCarePageTest@175b9425]" started-at="2022-08-22T20:14:01Z" name="setUp" finished-at="2022-08-22T20:14:19Z" duration-ms="17861" status="PASS">
          <reporter-output>
          </reporter-output>
        </test-method> <!-- setUp -->
        <test-method signature="varifyBeautyLabelTest()[pri:2, instance:com.amazon.qa.testcases.BeautyandPersonalCarePageTest@175b9425]" started-at="2022-08-22T20:14:19Z" name="varifyBeautyLabelTest" finished-at="2022-08-22T20:14:19Z" duration-ms="67" status="PASS">
          <reporter-output>
          </reporter-output>
        </test-method> <!-- varifyBeautyLabelTest -->
        <test-method is-config="true" signature="tearDown()[pri:0, instance:com.amazon.qa.testcases.BeautyandPersonalCarePageTest@175b9425]" started-at="2022-08-22T20:14:19Z" name="tearDown" finished-at="2022-08-22T20:14:20Z" duration-ms="896" status="PASS">
          <reporter-output>
          </reporter-output>
        </test-method> <!-- tearDown -->
        <test-method is-config="true" signature="setUp()[pri:0, instance:com.amazon.qa.testcases.BeautyandPersonalCarePageTest@175b9425]" started-at="2022-08-22T20:16:20Z" name="setUp" finished-at="2022-08-22T20:16:40Z" duration-ms="19839" status="PASS">
          <reporter-output>
          </reporter-output>
        </test-method> <!-- setUp -->
        <test-method signature="varifyHaircareProductLabellTest()[pri:3, instance:com.amazon.qa.testcases.BeautyandPersonalCarePageTest@175b9425]" started-at="2022-08-22T20:16:40Z" name="varifyHaircareProductLabellTest" finished-at="2022-08-22T20:16:40Z" duration-ms="127" status="PASS">
          <reporter-output>
          </reporter-output>
        </test-method> <!-- varifyHaircareProductLabellTest -->
        <test-method is-config="true" signature="tearDown()[pri:0, instance:com.amazon.qa.testcases.BeautyandPersonalCarePageTest@175b9425]" started-at="2022-08-22T20:16:40Z" name="tearDown" finished-at="2022-08-22T20:16:41Z" duration-ms="874" status="PASS">
          <reporter-output>
          </reporter-output>
        </test-method> <!-- tearDown -->
        <test-method is-config="true" signature="setUp()[pri:0, instance:com.amazon.qa.testcases.BeautyandPersonalCarePageTest@175b9425]" started-at="2022-08-22T20:16:59Z" name="setUp" finished-at="2022-08-22T20:17:17Z" duration-ms="17925" status="PASS">
          <reporter-output>
          </reporter-output>
        </test-method> <!-- setUp -->
        <test-method signature="varifyMakeupProductlLableLinkTest()[pri:4, instance:com.amazon.qa.testcases.BeautyandPersonalCarePageTest@175b9425]" started-at="2022-08-22T20:17:17Z" name="varifyMakeupProductlLableLinkTest" finished-at="2022-08-22T20:17:19Z" duration-ms="2325" status="PASS">
          <reporter-output>
          </reporter-output>
        </test-method> <!-- varifyMakeupProductlLableLinkTest -->
        <test-method is-config="true" signature="tearDown()[pri:0, instance:com.amazon.qa.testcases.BeautyandPersonalCarePageTest@175b9425]" started-at="2022-08-22T20:17:19Z" name="tearDown" finished-at="2022-08-22T20:17:20Z" duration-ms="912" status="PASS">
          <reporter-output>
          </reporter-output>
        </test-method> <!-- tearDown -->
      </class> <!-- com.amazon.qa.testcases.BeautyandPersonalCarePageTest -->
      <class name="com.amazon.qa.testcases.HomePageTest">
        <test-method is-config="true" signature="setUp()[pri:0, instance:com.amazon.qa.testcases.HomePageTest@a1cdc6d]" started-at="2022-08-22T20:12:44Z" name="setUp" finished-at="2022-08-22T20:13:02Z" duration-ms="17948" status="PASS">
          <reporter-output>
          </reporter-output>
        </test-method> <!-- setUp -->
        <test-method signature="VerifyHomePageTitleTest()[pri:1, instance:com.amazon.qa.testcases.HomePageTest@a1cdc6d]" started-at="2022-08-22T20:13:02Z" name="VerifyHomePageTitleTest" finished-at="2022-08-22T20:13:05Z" duration-ms="3117" status="PASS">
          <reporter-output>
          </reporter-output>
        </test-method> <!-- VerifyHomePageTitleTest -->
        <test-method is-config="true" signature="tearDown()[pri:0, instance:com.amazon.qa.testcases.HomePageTest@a1cdc6d]" started-at="2022-08-22T20:13:05Z" name="tearDown" finished-at="2022-08-22T20:13:06Z" duration-ms="934" status="PASS">
          <reporter-output>
          </reporter-output>
        </test-method> <!-- tearDown -->
        <test-method is-config="true" signature="setUp()[pri:0, instance:com.amazon.qa.testcases.HomePageTest@a1cdc6d]" started-at="2022-08-22T20:13:44Z" name="setUp" finished-at="2022-08-22T20:13:58Z" duration-ms="13069" status="PASS">
          <reporter-output>
          </reporter-output>
        </test-method> <!-- setUp -->
        <test-method signature="varifyUserLoginTest()[pri:2, instance:com.amazon.qa.testcases.HomePageTest@a1cdc6d]" started-at="2022-08-22T20:13:58Z" name="varifyUserLoginTest" finished-at="2022-08-22T20:14:01Z" duration-ms="2962" status="PASS">
          <reporter-output>
          </reporter-output>
        </test-method> <!-- varifyUserLoginTest -->
        <test-method is-config="true" signature="tearDown()[pri:0, instance:com.amazon.qa.testcases.HomePageTest@a1cdc6d]" started-at="2022-08-22T20:14:01Z" name="tearDown" finished-at="2022-08-22T20:14:01Z" duration-ms="797" status="PASS">
          <reporter-output>
          </reporter-output>
        </test-method> <!-- tearDown -->
        <test-method is-config="true" signature="setUp()[pri:0, instance:com.amazon.qa.testcases.HomePageTest@a1cdc6d]" started-at="2022-08-22T20:15:47Z" name="setUp" finished-at="2022-08-22T20:15:59Z" duration-ms="12380" status="PASS">
          <reporter-output>
          </reporter-output>
        </test-method> <!-- setUp -->
        <test-method signature="varifybeautyandPersonalCareTest()[pri:3, instance:com.amazon.qa.testcases.HomePageTest@a1cdc6d]" started-at="2022-08-22T20:15:59Z" name="varifybeautyandPersonalCareTest" finished-at="2022-08-22T20:16:05Z" duration-ms="6079" status="PASS">
          <reporter-output>
          </reporter-output>
        </test-method> <!-- varifybeautyandPersonalCareTest -->
        <test-method is-config="true" signature="tearDown()[pri:0, instance:com.amazon.qa.testcases.HomePageTest@a1cdc6d]" started-at="2022-08-22T20:16:05Z" name="tearDown" finished-at="2022-08-22T20:16:06Z" duration-ms="983" status="PASS">
          <reporter-output>
          </reporter-output>
        </test-method> <!-- tearDown -->
        <test-method is-config="true" signature="setUp()[pri:0, instance:com.amazon.qa.testcases.HomePageTest@a1cdc6d]" started-at="2022-08-22T20:16:41Z" name="setUp" finished-at="2022-08-22T20:16:55Z" duration-ms="13330" status="PASS">
          <reporter-output>
          </reporter-output>
        </test-method> <!-- setUp -->
        <test-method signature="varifyGiftIdeasPageTest()[pri:4, instance:com.amazon.qa.testcases.HomePageTest@a1cdc6d]" started-at="2022-08-22T20:16:55Z" name="varifyGiftIdeasPageTest" finished-at="2022-08-22T20:16:58Z" duration-ms="3267" status="PASS">
          <reporter-output>
          </reporter-output>
        </test-method> <!-- varifyGiftIdeasPageTest -->
        <test-method is-config="true" signature="tearDown()[pri:0, instance:com.amazon.qa.testcases.HomePageTest@a1cdc6d]" started-at="2022-08-22T20:16:58Z" name="tearDown" finished-at="2022-08-22T20:16:59Z" duration-ms="763" status="PASS">
          <reporter-output>
          </reporter-output>
        </test-method> <!-- tearDown -->
        <test-method is-config="true" signature="setUp()[pri:0, instance:com.amazon.qa.testcases.HomePageTest@a1cdc6d]" started-at="2022-08-22T20:17:20Z" name="setUp" finished-at="2022-08-22T20:17:31Z" duration-ms="11628" status="PASS">
          <reporter-output>
          </reporter-output>
        </test-method> <!-- setUp -->
        <test-method signature="varifyHealthAndHouseholdPageTest()[pri:5, instance:com.amazon.qa.testcases.HomePageTest@a1cdc6d]" started-at="2022-08-22T20:17:31Z" name="varifyHealthAndHouseholdPageTest" finished-at="2022-08-22T20:17:37Z" duration-ms="5611" status="FAIL">
          <exception class="org.openqa.selenium.ElementNotInteractableException">
            <message>
              <![CDATA[element not interactable
  (Session info: chrome=104.0.5112.102)
Build info: version: '3.14.0', revision: 'aacccce0', time: '2018-08-02T20:19:58.91Z'
System info: host: 'DESKTOP-SSKPHS6', ip: '10.0.0.22', os.name: 'Windows 10', os.arch: 'amd64', os.version: '10.0', java.version: '15.0.1'
Driver info: org.openqa.selenium.chrome.ChromeDriver
Capabilities {acceptInsecureCerts: false, browserName: chrome, browserVersion: 104.0.5112.102, chrome: {chromedriverVersion: 104.0.5112.79 (3cf3e8c8a07d..., userDataDir: C:\Users\DELL\AppData\Local...}, goog:chromeOptions: {debuggerAddress: localhost:49310}, javascriptEnabled: true, networkConnectionEnabled: false, pageLoadStrategy: normal, platform: WINDOWS, platformName: WINDOWS, proxy: Proxy(), setWindowRect: true, strictFileInteractability: false, timeouts: {implicit: 0, pageLoad: 300000, script: 30000}, unhandledPromptBehavior: dismiss and notify, webauthn:extension:credBlob: true, webauthn:extension:largeBlob: true, webauthn:virtualAuthenticators: true}
Session ID: 195b1dcac1b03adcec98f1f76c2b92b8]]>
            </message>
            <full-stacktrace>
              <![CDATA[org.openqa.selenium.ElementNotInteractableException: element not interactable
  (Session info: chrome=104.0.5112.102)
Build info: version: '3.14.0', revision: 'aacccce0', time: '2018-08-02T20:19:58.91Z'
System info: host: 'DESKTOP-SSKPHS6', ip: '10.0.0.22', os.name: 'Windows 10', os.arch: 'amd64', os.version: '10.0', java.version: '15.0.1'
Driver info: org.openqa.selenium.chrome.ChromeDriver
Capabilities {acceptInsecureCerts: false, browserName: chrome, browserVersion: 104.0.5112.102, chrome: {chromedriverVersion: 104.0.5112.79 (3cf3e8c8a07d..., userDataDir: C:\Users\DELL\AppData\Local...}, goog:chromeOptions: {debuggerAddress: localhost:49310}, javascriptEnabled: true, networkConnectionEnabled: false, pageLoadStrategy: normal, platform: WINDOWS, platformName: WINDOWS, proxy: Proxy(), setWindowRect: true, strictFileInteractability: false, timeouts: {implicit: 0, pageLoad: 300000, script: 30000}, unhandledPromptBehavior: dismiss and notify, webauthn:extension:credBlob: true, webauthn:extension:largeBlob: true, webauthn:virtualAuthenticators: true}
Session ID: 195b1dcac1b03adcec98f1f76c2b92b8
	at java.base/jdk.internal.reflect.NativeConstructorAccessorImpl.newInstance0(Native Method)
	at java.base/jdk.internal.reflect.NativeConstructorAccessorImpl.newInstance(NativeConstructorAccessorImpl.java:64)
	at java.base/jdk.internal.reflect.DelegatingConstructorAccessorImpl.newInstance(DelegatingConstructorAccessorImpl.java:45)
	at java.base/java.lang.reflect.Constructor.newInstanceWithCaller(Constructor.java:500)
	at java.base/java.lang.reflect.Constructor.newInstance(Constructor.java:481)
	at org.openqa.selenium.remote.http.W3CHttpResponseCodec.createException(W3CHttpResponseCodec.java:187)
	at org.openqa.selenium.remote.http.W3CHttpResponseCodec.decode(W3CHttpResponseCodec.java:122)
	at org.openqa.selenium.remote.http.W3CHttpResponseCodec.decode(W3CHttpResponseCodec.java:49)
	at org.openqa.selenium.remote.HttpCommandExecutor.execute(HttpCommandExecutor.java:158)
	at org.openqa.selenium.remote.service.DriverCommandExecutor.execute(DriverCommandExecutor.java:83)
	at org.openqa.selenium.remote.RemoteWebDriver.execute(RemoteWebDriver.java:548)
	at org.openqa.selenium.remote.RemoteWebElement.execute(RemoteWebElement.java:276)
	at org.openqa.selenium.remote.RemoteWebElement.click(RemoteWebElement.java:83)
	at jdk.internal.reflect.GeneratedMethodAccessor6.invoke(Unknown Source)
	at java.base/jdk.internal.reflect.DelegatingMethodAccessorImpl.invoke(DelegatingMethodAccessorImpl.java:43)
	at java.base/java.lang.reflect.Method.invoke(Method.java:564)
	at org.openqa.selenium.support.events.EventFiringWebDriver$EventFiringWebElement.lambda$new$0(EventFiringWebDriver.java:403)
	at com.sun.proxy.$Proxy12.click(Unknown Source)
	at org.openqa.selenium.support.events.EventFiringWebDriver$EventFiringWebElement.click(EventFiringWebDriver.java:416)
	at jdk.internal.reflect.GeneratedMethodAccessor6.invoke(Unknown Source)
	at java.base/jdk.internal.reflect.DelegatingMethodAccessorImpl.invoke(DelegatingMethodAccessorImpl.java:43)
	at java.base/java.lang.reflect.Method.invoke(Method.java:564)
	at org.openqa.selenium.support.pagefactory.internal.LocatingElementHandler.invoke(LocatingElementHandler.java:51)
	at com.sun.proxy.$Proxy16.click(Unknown Source)
	at com.amazon.qa.page.HomePage.clickOnhealthAndHousehold(HomePage.java:65)
	at com.amazon.qa.testcases.HomePageTest.varifyHealthAndHouseholdPageTest(HomePageTest.java:64)
	at java.base/jdk.internal.reflect.NativeMethodAccessorImpl.invoke0(Native Method)
	at java.base/jdk.internal.reflect.NativeMethodAccessorImpl.invoke(NativeMethodAccessorImpl.java:64)
	at java.base/jdk.internal.reflect.DelegatingMethodAccessorImpl.invoke(DelegatingMethodAccessorImpl.java:43)
	at java.base/java.lang.reflect.Method.invoke(Method.java:564)
	at org.testng.internal.MethodInvocationHelper.invokeMethod(MethodInvocationHelper.java:108)
	at org.testng.internal.Invoker.invokeMethod(Invoker.java:661)
	at org.testng.internal.Invoker.invokeTestMethod(Invoker.java:869)
	at org.testng.internal.Invoker.invokeTestMethods(Invoker.java:1193)
	at org.testng.internal.TestMethodWorker.invokeTestMethods(TestMethodWorker.java:126)
	at org.testng.internal.TestMethodWorker.run(TestMethodWorker.java:109)
	at org.testng.TestRunner.privateRun(TestRunner.java:744)
	at org.testng.TestRunner.run(TestRunner.java:602)
	at org.testng.SuiteRunner.runTest(SuiteRunner.java:380)
	at org.testng.SuiteRunner.runSequentially(SuiteRunner.java:375)
	at org.testng.SuiteRunner.privateRun(SuiteRunner.java:340)
	at org.testng.SuiteRunner.run(SuiteRunner.java:289)
	at org.testng.SuiteRunnerWorker.runSuite(SuiteRunnerWorker.java:52)
	at org.testng.SuiteRunnerWorker.run(SuiteRunnerWorker.java:86)
	at org.testng.TestNG.runSuitesSequentially(TestNG.java:1301)
	at org.testng.TestNG.runSuitesLocally(TestNG.java:1226)
	at org.testng.TestNG.runSuites(TestNG.java:1144)
	at org.testng.TestNG.run(TestNG.java:1115)
	at org.testng.remote.AbstractRemoteTestNG.run(AbstractRemoteTestNG.java:115)
	at org.testng.remote.RemoteTestNG.initAndRun(RemoteTestNG.java:251)
	at org.testng.remote.RemoteTestNG.main(RemoteTestNG.java:77)
]]>
            </full-stacktrace>
          </exception> <!-- org.openqa.selenium.ElementNotInteractableException -->
          <reporter-output>
          </reporter-output>
        </test-method> <!-- varifyHealthAndHouseholdPageTest -->
        <test-method is-config="true" signature="tearDown()[pri:0, instance:com.amazon.qa.testcases.HomePageTest@a1cdc6d]" started-at="2022-08-22T20:17:37Z" name="tearDown" finished-at="2022-08-22T20:17:38Z" duration-ms="798" status="PASS">
          <reporter-output>
          </reporter-output>
        </test-method> <!-- tearDown -->
      </class> <!-- com.amazon.qa.testcases.HomePageTest -->
      <class name="com.amazon.qa.testcases.LoginPageTest">
        <test-method is-config="true" signature="setUp()[pri:0, instance:com.amazon.qa.testcases.LoginPageTest@610f7aa]" started-at="2022-08-22T20:13:06Z" name="setUp" finished-at="2022-08-22T20:13:17Z" duration-ms="11038" status="PASS">
          <reporter-output>
          </reporter-output>
        </test-method> <!-- setUp -->
        <test-method signature="loginPageTitleTest()[pri:1, instance:com.amazon.qa.testcases.LoginPageTest@610f7aa]" started-at="2022-08-22T20:13:17Z" name="loginPageTitleTest" finished-at="2022-08-22T20:13:17Z" duration-ms="17" status="PASS">
          <reporter-output>
          </reporter-output>
        </test-method> <!-- loginPageTitleTest -->
        <test-method is-config="true" signature="tearDown()[pri:0, instance:com.amazon.qa.testcases.LoginPageTest@610f7aa]" started-at="2022-08-22T20:13:17Z" name="tearDown" finished-at="2022-08-22T20:13:18Z" duration-ms="930" status="PASS">
          <reporter-output>
          </reporter-output>
        </test-method> <!-- tearDown -->
        <test-method is-config="true" signature="setUp()[pri:0, instance:com.amazon.qa.testcases.LoginPageTest@610f7aa]" started-at="2022-08-22T20:15:35Z" name="setUp" finished-at="2022-08-22T20:15:46Z" duration-ms="10868" status="PASS">
          <reporter-output>
          </reporter-output>
        </test-method> <!-- setUp -->
        <test-method signature="crmLogoImageTest()[pri:2, instance:com.amazon.qa.testcases.LoginPageTest@610f7aa]" started-at="2022-08-22T20:15:46Z" name="crmLogoImageTest" finished-at="2022-08-22T20:15:46Z" duration-ms="70" status="PASS">
          <reporter-output>
          </reporter-output>
        </test-method> <!-- crmLogoImageTest -->
        <test-method is-config="true" signature="tearDown()[pri:0, instance:com.amazon.qa.testcases.LoginPageTest@610f7aa]" started-at="2022-08-22T20:15:46Z" name="tearDown" finished-at="2022-08-22T20:15:47Z" duration-ms="748" status="PASS">
          <reporter-output>
          </reporter-output>
        </test-method> <!-- tearDown -->
        <test-method is-config="true" signature="setUp()[pri:0, instance:com.amazon.qa.testcases.LoginPageTest@610f7aa]" started-at="2022-08-22T20:16:06Z" name="setUp" finished-at="2022-08-22T20:16:19Z" duration-ms="12556" status="PASS">
          <reporter-output>
          </reporter-output>
        </test-method> <!-- setUp -->
        <test-method signature="loginTest()[pri:3, instance:com.amazon.qa.testcases.LoginPageTest@610f7aa]" started-at="2022-08-22T20:16:19Z" name="loginTest" finished-at="2022-08-22T20:16:20Z" duration-ms="1014" status="PASS">
          <reporter-output>
          </reporter-output>
        </test-method> <!-- loginTest -->
        <test-method is-config="true" signature="tearDown()[pri:0, instance:com.amazon.qa.testcases.LoginPageTest@610f7aa]" started-at="2022-08-22T20:16:20Z" name="tearDown" finished-at="2022-08-22T20:16:20Z" duration-ms="905" status="PASS">
          <reporter-output>
          </reporter-output>
        </test-method> <!-- tearDown -->
      </class> <!-- com.amazon.qa.testcases.LoginPageTest -->
    </test> <!-- Amazon app Test Cases -->
  </suite> <!-- Amazon Application Test Automation Test Suite -->
</testng-results>
